<?xml version="1.0" encoding="UTF-8"?>
<Site BuildName="(empty)"
	BuildStamp="20231203-0126-Experimental"
	Name="param-Nitro-AN515-45"
	Generator="ctest-3.27.2"
	CompilerName="/usr/bin/g++"
	CompilerVersion="11.4.0"
	OSName="Linux"
	Hostname="param-Nitro-AN515-45"
	OSRelease="6.2.0-37-generic"
	OSVersion="#38~22.04.1-Ubuntu SMP PREEMPT_DYNAMIC Thu Nov  2 18:01:13 UTC 2"
	OSPlatform="x86_64"
	Is64Bits="1"
	VendorString="AuthenticAMD"
	VendorID="Advanced Micro Devices"
	FamilyID="25"
	ModelID="80"
	ProcessorCacheSize="512"
	NumberOfLogicalCPU="12"
	NumberOfPhysicalCPU="6"
	TotalVirtualMemory="0"
	TotalPhysicalMemory="15329"
	LogicalProcessorsPerPhysical="2"
	ProcessorClockFrequency="3976.82"
	>
	<Testing>
		<StartDateTime>Dec 02 18:26 MST</StartDateTime>
		<StartTestTime>1701566773</StartTestTime>
		<TestList/>
		<EndDateTime>Dec 02 18:26 MST</EndDateTime>
		<EndTestTime>1701566773</EndTestTime>
		<ElapsedMinutes>0</ElapsedMinutes>
	</Testing>
</Site>
